7A01001E <- 00000355 (OKAY)		# 1985 ns
7A010022 <- CB1CCB1C (OKAY)		# 2105 ns
7A010023 <- DDDDDD06 (OKAY)		# 2225 ns
7A010024 <- CCCCCCDD (OKAY)		# 2345 ns
7A010025 <- BE0800CC (OKAY)		# 2465 ns
7A010026 <- BEBABEBA (OKAY)		# 2585 ns
7A010027 <- 0DF00DBA (OKAY)		# 2705 ns
7A010028 <- 00F00DF0 (OKAY)		# 2825 ns
7A010029 <- 00FFFF00 (OKAY)		# 2945 ns
7A01002A <- 00000000 (OKAY)		# 3065 ns
7A01002B <- 00000000 (OKAY)		# 3185 ns
7A01002C <- 00000000 (OKAY)		# 3305 ns
7A01002D <- 00000000 (OKAY)		# 3425 ns
7A01002E <- 00000000 (OKAY)		# 3545 ns
7A01002F <- 00000000 (OKAY)		# 3665 ns
7A010030 <- 00000000 (OKAY)		# 3785 ns
7A010031 <- 00000000 (OKAY)		# 3905 ns
7A010032 <- 0601005D (OKAY)		# 4025 ns
7A010033 <- 12012345 (OKAY)		# 4145 ns
7A010034 <- 9ABCDEF0 (OKAY)		# 4265 ns
7A010035 <- 12345678 (OKAY)		# 4385 ns
7A010036 <- 9ABCDEF0 (OKAY)		# 4505 ns
7A010037 <- 12345678 (OKAY)		# 4625 ns
7A010038 <- 9ABCDEF0 (OKAY)		# 4745 ns
7A010039 <- 12345678 (OKAY)		# 4865 ns
7A01003A <- 00000000 (OKAY)		# 4985 ns
7A01003B <- 00000000 (OKAY)		# 5105 ns
7A01003C <- 01234567 (OKAY)		# 5225 ns
7A01003D <- 89ABCDEF (OKAY)		# 5345 ns
7A01001F <- 00000001 (OKAY)		# 5465 ns
7A01001D -> 00000000 (OKAY)		# 5585 ns
7A01001D -> 00000000 (OKAY)		# 5705 ns
7A01001D -> 00000000 (OKAY)		# 5825 ns
7A01001D -> 00000000 (OKAY)		# 5945 ns
7A01001D -> 00000001 (OKAY)		# 6065 ns
7A01001E <- 00000355 (OKAY)		# 6185 ns
7A010021 <- 00000001 (OKAY)		# 6305 ns
7A01001D -> 00000000 (OKAY)		# 6425 ns
7A01001D -> 00000000 (OKAY)		# 6545 ns
7A01001D -> 00000000 (OKAY)		# 6665 ns
7A01001D -> 00000001 (OKAY)		# 6785 ns
7A01001D -> 00000001 (OKAY)		# 6905 ns
7A010022 -> 00000000 (OKAY)		# 7025 ns
7A010023 -> 00000000 (OKAY)		# 7145 ns
7A010024 -> 00000000 (OKAY)		# 7265 ns
7A010025 -> 00000000 (OKAY)		# 7385 ns
7A010026 -> 00000000 (OKAY)		# 7505 ns
7A010027 -> 00000000 (OKAY)		# 7625 ns
7A010028 -> 00000000 (OKAY)		# 7745 ns
7A010029 -> 00000000 (OKAY)		# 7865 ns
7A01002A -> 00000000 (OKAY)		# 7985 ns
7A01002B -> 00000000 (OKAY)		# 8105 ns
7A01002C -> 00000000 (OKAY)		# 8225 ns
7A01002D -> 00000000 (OKAY)		# 8345 ns
7A01002E -> 00000000 (OKAY)		# 8465 ns
7A01002F -> 00000000 (OKAY)		# 8585 ns
7A010030 -> 00000000 (OKAY)		# 8705 ns
7A010031 -> 00000000 (OKAY)		# 8825 ns
7A010032 -> 00000000 (OKAY)		# 8945 ns
7A010033 -> 00000000 (OKAY)		# 9065 ns
7A010034 -> 00000000 (OKAY)		# 9185 ns
7A010035 -> 00000000 (OKAY)		# 9305 ns
7A010036 -> 00000000 (OKAY)		# 9425 ns
7A010037 -> 00000000 (OKAY)		# 9545 ns
7A010038 -> 00000000 (OKAY)		# 9665 ns
7A010039 -> 00000000 (OKAY)		# 9785 ns
7A01003A -> 00000000 (OKAY)		# 9905 ns
7A01003B -> 00000000 (OKAY)		# 10025 ns
7A01003C -> 01234567 (OKAY)		# 10145 ns
7A01003D -> 89ABCDEF (OKAY)		# 10265 ns
